0 info it worked if it ends with ok
1 verbose cli [ '/usr/bin/node', '/usr/bin/npm', 'install', '--save', 'request' ]
2 info using npm@1.4.28
3 info using node@v0.10.32
4 verbose node symlink /usr/bin/node
5 verbose readDependencies using package.json deps
6 verbose cache add [ 'request', null ]
7 verbose cache add name=undefined spec="request" args=["request",null]
8 verbose parsed url { protocol: null,
8 verbose parsed url   slashes: null,
8 verbose parsed url   auth: null,
8 verbose parsed url   host: null,
8 verbose parsed url   port: null,
8 verbose parsed url   hostname: null,
8 verbose parsed url   hash: null,
8 verbose parsed url   search: null,
8 verbose parsed url   query: null,
8 verbose parsed url   pathname: 'request',
8 verbose parsed url   path: 'request',
8 verbose parsed url   href: 'request' }
9 silly lockFile 088e29b0-request request
10 verbose lock request /home/aissam/.npm/088e29b0-request.lock
11 silly lockFile 088e29b0-request request
12 silly lockFile 088e29b0-request request
13 verbose addNamed [ 'request', '' ]
14 verbose addNamed [ null, '*' ]
15 silly lockFile 9d461bcf-request request@
16 verbose lock request@ /home/aissam/.npm/9d461bcf-request.lock
17 silly addNameRange { name: 'request', range: '*', hasData: false }
18 verbose request where is /request
19 verbose request registry https://registry.npmjs.org/
20 verbose request id c868dfb6e04bfbc0
21 verbose url raw /request
22 verbose url resolving [ 'https://registry.npmjs.org/', './request' ]
23 verbose url resolved https://registry.npmjs.org/request
24 verbose request where is https://registry.npmjs.org/request
25 info trying registry request attempt 1 at 15:16:08
26 verbose etag "ROAH1AD0U4YW4KCCYTZK2T6Y"
27 http GET https://registry.npmjs.org/request
28 http 200 https://registry.npmjs.org/request
29 silly registry.get cb [ 200,
29 silly registry.get   { date: 'Wed, 05 Nov 2014 15:16:09 GMT',
29 silly registry.get     server: 'CouchDB/1.5.0 (Erlang OTP/R16B03)',
29 silly registry.get     etag: '"D8UZ32H7H5DL24LY1VM9KEPN3"',
29 silly registry.get     'content-type': 'application/json',
29 silly registry.get     'cache-control': 'max-age=60',
29 silly registry.get     'content-length': '122179',
29 silly registry.get     'accept-ranges': 'bytes',
29 silly registry.get     via: '1.1 varnish',
29 silly registry.get     age: '30',
29 silly registry.get     'x-served-by': 'cache-fra1228-FRA',
29 silly registry.get     'x-cache': 'HIT',
29 silly registry.get     'x-cache-hits': '4',
29 silly registry.get     'x-timer': 'S1415200569.513659,VS0,VE0',
29 silly registry.get     vary: 'Accept',
29 silly registry.get     'keep-alive': 'timeout=10, max=50',
29 silly registry.get     connection: 'Keep-Alive' } ]
30 silly addNameRange number 2 { name: 'request', range: '*', hasData: true }
31 silly addNameRange versions [ 'request',
31 silly addNameRange   [ '0.10.0',
31 silly addNameRange     '0.8.3',
31 silly addNameRange     '0.9.0',
31 silly addNameRange     '0.9.1',
31 silly addNameRange     '0.9.5',
31 silly addNameRange     '1.0.0',
31 silly addNameRange     '1.1.0',
31 silly addNameRange     '1.1.1',
31 silly addNameRange     '1.2.0',
31 silly addNameRange     '1.9.0',
31 silly addNameRange     '1.9.1',
31 silly addNameRange     '1.9.2',
31 silly addNameRange     '1.9.3',
31 silly addNameRange     '1.9.5',
31 silly addNameRange     '1.9.7',
31 silly addNameRange     '1.9.8',
31 silly addNameRange     '1.9.9',
31 silly addNameRange     '2.0.0',
31 silly addNameRange     '2.0.1',
31 silly addNameRange     '2.0.2',
31 silly addNameRange     '2.0.3',
31 silly addNameRange     '2.0.4',
31 silly addNameRange     '2.0.5',
31 silly addNameRange     '2.1.0',
31 silly addNameRange     '2.1.1',
31 silly addNameRange     '2.2.0',
31 silly addNameRange     '2.2.5',
31 silly addNameRange     '2.2.6',
31 silly addNameRange     '2.2.9',
31 silly addNameRange     '2.9.0',
31 silly addNameRange     '2.9.1',
31 silly addNameRange     '2.9.2',
31 silly addNameRange     '2.9.3',
31 silly addNameRange     '2.9.100',
31 silly addNameRange     '2.9.150',
31 silly addNameRange     '2.9.151',
31 silly addNameRange     '2.9.152',
31 silly addNameRange     '2.9.153',
31 silly addNameRange     '2.9.200',
31 silly addNameRange     '2.9.201',
31 silly addNameRange     '2.9.202',
31 silly addNameRange     '2.9.203',
31 silly addNameRange     '2.10.0',
31 silly addNameRange     '2.11.0',
31 silly addNameRange     '2.11.1',
31 silly addNameRange     '2.11.2',
31 silly addNameRange     '2.11.3',
31 silly addNameRange     '2.11.4',
31 silly addNameRange     '2.12.0',
31 silly addNameRange     '2.14.0',
31 silly addNameRange     '2.16.0',
31 silly addNameRange     '2.16.2',
31 silly addNameRange     '2.16.4',
31 silly addNameRange     '2.16.6',
31 silly addNameRange     '2.18.0',
31 silly addNameRange     '2.19.0',
31 silly addNameRange     '2.20.0',
31 silly addNameRange     '2.21.0',
31 silly addNameRange     '2.22.0',
31 silly addNameRange     '2.23.0',
31 silly addNameRange     '2.24.0',
31 silly addNameRange     '2.25.0',
31 silly addNameRange     '2.26.0',
31 silly addNameRange     '2.27.0',
31 silly addNameRange     '2.28.0',
31 silly addNameRange     '2.29.0',
31 silly addNameRange     '2.30.0',
31 silly addNameRange     '2.31.0',
31 silly addNameRange     '2.32.0',
31 silly addNameRange     '2.33.0',
31 silly addNameRange     '2.34.0',
31 silly addNameRange     '2.35.0',
31 silly addNameRange     '2.36.0',
31 silly addNameRange     '2.37.0',
31 silly addNameRange     '2.38.0',
31 silly addNameRange     '2.39.0',
31 silly addNameRange     '2.40.0',
31 silly addNameRange     '2.41.0',
31 silly addNameRange     '2.42.0',
31 silly addNameRange     '2.43.0',
31 silly addNameRange     '2.44.0',
31 silly addNameRange     '2.45.0',
31 silly addNameRange     '2.46.0',
31 silly addNameRange     '2.47.0' ] ]
32 verbose addNamed [ 'request', '2.47.0' ]
33 verbose addNamed [ '2.47.0', '2.47.0' ]
34 silly lockFile 6725db09-request-2-47-0 request@2.47.0
35 verbose lock request@2.47.0 /home/aissam/.npm/6725db09-request-2-47-0.lock
36 silly lockFile 5a101fd8-s-org-request-request-2-47-0-tgz https://registry.npmjs.org/request/-/request-2.47.0.tgz
37 verbose lock https://registry.npmjs.org/request/-/request-2.47.0.tgz /home/aissam/.npm/5a101fd8-s-org-request-request-2-47-0-tgz.lock
38 verbose addRemoteTarball [ 'https://registry.npmjs.org/request/-/request-2.47.0.tgz',
38 verbose addRemoteTarball   '09e9fd1a4fed6593a805ef8202b20f0c5ecb485f' ]
39 info retry fetch attempt 1 at 15:16:09
40 verbose fetch to= /tmp/npm-29133-vHVIhrqh/registry.npmjs.org/request/-/request-2.47.0.tgz
41 http GET https://registry.npmjs.org/request/-/request-2.47.0.tgz
42 http 200 https://registry.npmjs.org/request/-/request-2.47.0.tgz
43 silly lockFile 5a101fd8-s-org-request-request-2-47-0-tgz https://registry.npmjs.org/request/-/request-2.47.0.tgz
44 silly lockFile 5a101fd8-s-org-request-request-2-47-0-tgz https://registry.npmjs.org/request/-/request-2.47.0.tgz
45 silly lockFile 6725db09-request-2-47-0 request@2.47.0
46 silly lockFile 6725db09-request-2-47-0 request@2.47.0
47 silly lockFile 9d461bcf-request request@
48 silly lockFile 9d461bcf-request request@
49 error Error: EACCES, mkdir '/home/aissam/.npm/request/2.47.0'
49 error  { [Error: EACCES, mkdir '/home/aissam/.npm/request/2.47.0']
49 error   errno: 3,
49 error   code: 'EACCES',
49 error   path: '/home/aissam/.npm/request/2.47.0',
49 error   parent: 'arduino-weather-station' }
50 error Please try running this command again as root/Administrator.
51 error System Linux 3.13.0-37-generic
52 error command "/usr/bin/node" "/usr/bin/npm" "install" "--save" "request"
53 error cwd /home/aissam/Programming/JS/arduino-weather-station
54 error node -v v0.10.32
55 error npm -v 1.4.28
56 error path /home/aissam/.npm/request/2.47.0
57 error code EACCES
58 error errno 3
59 error stack Error: EACCES, mkdir '/home/aissam/.npm/request/2.47.0'
60 verbose exit [ 3, true ]
